2025-06-11 22:57:21,342 — INFO —  Saved recent_stories.json
2025-06-11 22:57:21,347 — INFO —  Running rewrite.py...
2025-06-11 23:00:15,461 — INFO —  Saved recent_stories.json
2025-06-11 23:00:15,470 — INFO —  Running rewrite.py...
2025-06-11 23:08:06,109 — INFO — Starting fetch at 2025-06-11 23:08
2025-06-11 23:08:10,738 — INFO —  Saved recent_stories.json
2025-06-11 23:08:10,739 — INFO — Saved top_stories.json with CRM slot: 2025-06-11 17:30
2025-06-11 23:08:10,740 — INFO —  Running rewrite.py...
2025-06-11 23:08:24,030 — INFO —  rewrite.py executed successfully
2025-06-11 23:10:28,027 — INFO — Starting fetch at 2025-06-11 23:10
2025-06-11 23:10:31,506 — INFO —  Saved recent_stories.json
2025-06-11 23:10:31,508 — INFO — Saved top_stories.json with CRM slot: 2025-06-11 17:30
2025-06-11 23:10:31,509 — INFO —  Running rewrite.py...
2025-06-11 23:10:44,818 — INFO —  rewrite.py executed successfully
2025-06-11 23:25:25,898 — INFO — Starting fetch at 2025-06-11 23:25
2025-06-11 23:25:29,704 — INFO —  Saved recent_stories.json
2025-06-11 23:25:29,705 — INFO — Saved top_stories.json with CRM slot: 2025-06-11 17:30
2025-06-11 23:25:29,705 — INFO —  Running rewrite.py...
2025-06-11 23:25:39,316 — INFO — Failed to run rewrite.py: Command '['python', 'rewrite.py']' returned non-zero exit status 1.
2025-06-11 23:31:16,716 — INFO — Starting fetch at 2025-06-11 23:31
2025-06-11 23:31:20,973 — INFO —  Saved recent_stories.json
2025-06-11 23:31:20,974 — INFO — Saved top_stories.json with CRM slot: 2025-06-11 17:30
2025-06-11 23:31:20,974 — INFO —  Running rewrite.py...
2025-06-11 23:31:35,021 — INFO —  rewrite.py executed successfully
2025-06-11 23:44:30,874 — INFO — Starting fetch at 2025-06-11 23:44
2025-06-11 23:44:34,786 — INFO —  Saved recent_stories.json
2025-06-11 23:44:34,787 — INFO — Saved top_stories.json with CRM slot: 2025-06-11 17:30
2025-06-11 23:44:34,787 — INFO —  Running rewrite.py...
2025-06-11 23:44:49,023 — INFO —  rewrite.py executed successfully
